ADGJMPTWGTPWDJPGTMWAPGMJTDTMJMDTGWJTGPJTGMDPGTPGMDPMGTPTGMWDPGMJTPAMGDMDJPGJPJWTPMJGDAJPWDJPAJMTMGWMGATMJDPGWMGWJPDPJT
BEHKNQUXQUXKXQUEQHNBXKUQEQKNBKHNHUKXNUEQHNKXNQENHUNXHQKUNEQ
CFILORVYCFILORFOYFVIOLYLRFLRIFVLROFLIFI
MZMZMZMZMZMZMZMZMZMZMZMZMZMZM
MWAPGMJTETHMJMJTGPJTGODPGTPGMDPMGTQTGMWDPFGMJTPAMGDMDJPEGJPJWTPMJGDAJPKHNUZPTQMWDJRAJMTOGWM
BFLVFQHOGYV
BETGPJMGPDTGTMJGWJMTPMJDGJTQMUGMTPLTMPTGXJMRGMITPJTGTPJGMAMPDGMPATGWJDGDGWTPMAGJMGTMJPMJHJMDGJDGNGJGJMDP
 WATATPDMJ TADPTPWADJ AWDTATDPADG ATDPTPJ ADTPADTGPWADG TADAJMPGRGDTJP ADTPTATATSDMATDWP ATPAMDTDPTGM
ATDWPWADTGPADJ ADGWT    ADTPATDJTPWDGJPA  ADADGATWPMDAJ    ADPMTAMDJDGTPMJ ADGPMTAPMDG         ADGPMTAPMGD  PAMDM
APMTPMJ A    ADGWTWADGPMAD   DAGWAWTPGWTPDA    ADJTWPWATDGPWPA    AJTWTADTWPWA     ADGWTAPDTG   ADGTPTMA   A  A      
           APMTPMJ A    ADGWTWADGPMAD   DAGWAWTPGWTPDA    ADJTWPWATDGPWPA    AJTWTADTWPWA     ADGWTAPDTG   ADGTPTMAE
ADGJMPTWTPMJWMJTMWGMJPTAGJADGJMPTWTPMJWMJTMWGMJPTAGJJPTAGJA
DDMPTWADGJMGTPWJMPTWADDGPWJDMAVNJGDDP
A WDJPPADW AWDGT WAA ADTWADPJMAD ADGTPRG A  AD    DAGTWAPGD A  ADGWP   ADGTPPWW
ADTPMGBB AO M MS PNP R P P PDW X W W WH GJ LUL
W DWGTPJ L K LKVV VU
ADW TPADY ZDUDTGPATMXWTPGDJPMA ADGHPMGA
 WTADG TWADJPMTADMPMATDGPMTPAMDTPM AGM ADGTPMAPD
                         WRZMWPYTWTUTQPPVGWDV
WATDGP WTN MTDAGPTP PDGTPWTAD ADGTPA   DAGWTPDAGMAMGDTPMMDGPMTAUGWD GJ TWAJDGJDGM  DAG
